<?xml version="1.0" encoding="UTF-8"?>
<testsuite xmlns:xsi="http://www.w3.org/2001/XMLSchema-instance" xsi:noNamespaceSchemaLocation="https://maven.apache.org/surefire/maven-surefire-plugin/xsd/surefire-test-report-3.0.xsd" version="3.0" name="fr.esisar.cookbot.CookStateTest" time="0.403" tests="4" errors="0" skipped="0" failures="0">
  <properties>
[...]
</properties>
  <testcase name="slowCook" classname="fr.esisar.cookbot.CookStateTest" time="0.355">
    <system-out><![CDATA[21:04:54.142 [main] INFO  fr.esisar.cookbot.CookBot - Cookbot is cooking...
21:04:54.150 [main] INFO  fr.esisar.cookbot.CookBot - Cookbot is cooking at a lower temperature...
]]></system-out>
  </testcase>
  <testcase name="regularCook" classname="fr.esisar.cookbot.CookStateTest" time="0.002">
    <system-out><![CDATA[21:04:54.163 [main] INFO  fr.esisar.cookbot.CookBot - Cookbot is cooking...
21:04:54.163 [main] WARN  fr.esisar.cookbot.CookBot - Cookbot is already cooking...
]]></system-out>
  </testcase>
  <testcase name="switchOn" classname="fr.esisar.cookbot.CookStateTest" time="0.003">
    <system-out><![CDATA[21:04:54.169 [main] INFO  fr.esisar.cookbot.CookBot - Cookbot is cooking...
21:04:54.169 [main] INFO  fr.esisar.cookbot.CookBot - Cookbot is switched on
]]></system-out>
  </testcase>
  <testcase name="switchOff" classname="fr.esisar.cookbot.CookStateTest" time="0.004">
    <system-out><![CDATA[21:04:54.176 [main] INFO  fr.esisar.cookbot.CookBot - Cookbot is cooking...
21:04:54.176 [main] WARN  fr.esisar.cookbot.CookBot - Cookbot cannot be switched off while cooking
]]></system-out>
  </testcase>
</testsuite>